[debug] [2019-07-09T02:46:04.539Z] ----------------------------------------------------------------------
[debug] [2019-07-09T02:46:04.542Z] Command:       C:\Program Files\nodejs\node.exe C:\Users\markr\AppData\Roaming\npm\node_modules\firebase-tools\lib\bin\firebase.js deploy
[debug] [2019-07-09T02:46:04.542Z] CLI Version:   7.0.2
[debug] [2019-07-09T02:46:04.542Z] Platform:      win32
[debug] [2019-07-09T02:46:04.542Z] Node Version:  v10.15.3
[debug] [2019-07-09T02:46:04.543Z] Time:          Mon Jul 08 2019 22:46:04 GMT-0400 (Eastern Daylight Time)
[debug] [2019-07-09T02:46:04.543Z] ----------------------------------------------------------------------
[debug] 
[debug] [2019-07-09T02:46:04.556Z] > command requires scopes: ["email","openid","https://www.googleapis.com/auth/cloudplatformprojects.readonly","https://www.googleapis.com/auth/firebase","https://www.googleapis.com/auth/cloud-platform"]
[debug] [2019-07-09T02:46:04.557Z] > authorizing via signed-in user
[debug] [2019-07-09T02:46:04.557Z] [iam] checking project ccc-mercer-co for permissions ["datastore.indexes.create","datastore.indexes.delete","datastore.indexes.list","datastore.indexes.update","firebase.projects.get","firebasehosting.sites.update"]
[debug] [2019-07-09T02:46:04.559Z] >>> HTTP REQUEST POST https://cloudresourcemanager.googleapis.com/v1/projects/ccc-mercer-co:testIamPermissions  

[debug] [2019-07-09T02:46:04.889Z] <<< HTTP RESPONSE 200
[debug] [2019-07-09T02:46:04.898Z] >>> HTTP REQUEST GET https://firebase.googleapis.com/v1beta1/projects/ccc-mercer-co  
 
[debug] [2019-07-09T02:46:05.174Z] <<< HTTP RESPONSE 200
[info] 
[info] === Deploying to 'ccc-mercer-co'...
[info] 
[info] i  deploying firestore, hosting
[info] i  firestore: checking firestore.rules for compilation errors...
[info] i  firestore: reading indexes from firestore.indexes.json...
[debug] [2019-07-09T02:46:05.227Z] >>> HTTP REQUEST POST https://firebaserules.googleapis.com/v1/projects/ccc-mercer-co:test  

[debug] [2019-07-09T02:46:05.588Z] <<< HTTP RESPONSE 200
[info] +  firestore: rules file firestore.rules compiled successfully
[debug] [2019-07-09T02:46:05.611Z] >>> HTTP REQUEST POST https://firebasehosting.googleapis.com/v1beta1/sites/ccc-mercer-co/versions  

[debug] [2019-07-09T02:46:06.465Z] <<< HTTP RESPONSE 200
[info] i  firestore: uploading rules firestore.rules...
[debug] [2019-07-09T02:46:06.476Z] >>> HTTP REQUEST POST https://firebaserules.googleapis.com/v1/projects/ccc-mercer-co/rulesets  

[debug] [2019-07-09T02:46:06.477Z] >>> HTTP REQUEST GET https://firestore.googleapis.com/v1beta2/projects/ccc-mercer-co/databases/(default)/collectionGroups/-/indexes  
 
[debug] [2019-07-09T02:46:06.857Z] <<< HTTP RESPONSE 200
[debug] [2019-07-09T02:46:06.859Z] >>> HTTP REQUEST GET https://firestore.googleapis.com/v1beta2/projects/ccc-mercer-co/databases/(default)/collectionGroups/-/fields?filter=indexConfig.usesAncestorConfig=false  
 
[debug] [2019-07-09T02:46:07.021Z] <<< HTTP RESPONSE 200
[debug] [2019-07-09T02:46:07.022Z] [rules] created ruleset projects/ccc-mercer-co/rulesets/4a1642cc-2efb-4bb6-b223-5a9da5344314
[debug] [2019-07-09T02:46:07.153Z] <<< HTTP RESPONSE 200
[info] +  firestore: deployed indexes in firestore.indexes.json successfully
[info] i  hosting[ccc-mercer-co]: beginning deploy...
[info] i  hosting[ccc-mercer-co]: found 250 files in .presite
[debug] [2019-07-09T02:46:07.348Z] [hosting] hash cache [LnByZXNpdGU] load error: lines is not defined
[debug] [2019-07-09T02:46:10.944Z] [hosting] hash cache [LnByZXNpdGU] stored for 250 files
[debug] [2019-07-09T02:46:10.944Z] [hosting][hash queue][FINAL]
[debug] [2019-07-09T02:46:10.944Z] >>> HTTP REQUEST POST https://firebasehosting.googleapis.com/v1beta1/sites/ccc-mercer-co/versions/62511f5e78cc59e8:populateFiles  
 <request body omitted>
